{
  "timestamp": "2025-08-23 07:21:39",
  "total_tests": 1,
  "successful_tests": 0,
  "failed_tests": 1,
  "total_execution_time": 1449.9853630065918,
  "results": [
    {
      "type": "integration",
      "success": false,
      "execution_time": 1449.9853630065918,
      "stdout": "============================= test session starts ==============================\nplatform linux -- Python 3.13.3, pytest-8.4.1, pluggy-1.6.0 -- /home/hiro/Projects/DocMind/venv/bin/python\ncachedir: .pytest_cache\nPySide6 6.9.1 -- Qt runtime 6.9.1 -- Qt compiled 6.9.1\nrootdir: /home/hiro/Projects/DocMind\nconfigfile: pytest.ini\nplugins: cov-6.2.1, mock-3.14.1, qt-4.5.0\ncollecting ... collected 438 items / 419 deselected / 19 selected\n\ntests/test_comprehensive_suite.py::TestTestSuiteIntegration::test_pytest_configuration_integration PASSED [  5%]\ntests/test_comprehensive_suite.py::TestTestSuiteIntegration::test_test_runner_script_integration PASSED [ 10%]\ntests/test_comprehensive_suite.py::TestTestSuiteIntegration::test_end_to_end_test_workflow PASSED [ 15%]\ntests/test_embedding_integration.py::TestEmbeddingManagerIntegration::test_real_model_loading_and_embedding_generation PASSED [ 21%]\ntests/test_embedding_integration.py::TestEmbeddingManagerIntegration::test_real_semantic_search PASSED [ 26%]\ntests/test_embedding_integration.py::TestEmbeddingManagerIntegration::test_embedding_persistence PASSED [ 31%]\ntests/test_embedding_integration.py::TestEmbeddingManagerIntegration::test_similarity_consistency PASSED [ 36%]\ntests/test_end_to_end_integration.py::TestEndToEndWorkflow::test_complete_document_indexing_workflow FAILED [ 42%]\ntests/test_end_to_end_integration.py::TestEndToEndWorkflow::test_complete_search_workflow FAILED [ 47%]\ntests/test_end_to_end_integration.py::TestEndToEndWorkflow::test_incremental_update_workflow FAILED [ 52%]\ntests/test_end_to_end_integration.py::TestEndToEndWorkflow::test_error_recovery_workflow FAILED [ 57%]\ntests/test_end_to_end_integration.py::TestEndToEndWorkflow::test_large_dataset_workflow FAILED [ 63%]\ntests/test_end_to_end_integration.py::TestSystemIntegration::test_component_integration PASSED [ 68%]\ntests/test_end_to_end_integration.py::TestSystemIntegration::test_configuration_integration PASSED [ 73%]\ntests/test_end_to_end_integration.py::TestSystemIntegration::test_data_persistence_integration PASSED [ 78%]\ntests/test_end_to_end_integration.py::TestPerformanceIntegration::test_search_performance_requirements FAILED [ 84%]\ntests/test_end_to_end_integration.py::TestPerformanceIntegration::test_startup_performance PASSED [ 89%]\ntests/test_gui_integration.py::TestGUIIntegration::test_complete_gui_workflow FAILED [ 94%]",
      "stderr": "",
      "return_code": -15
    }
  ]
}