<?xml version="1.0" encoding="utf-8"?><testsuites name="pytest tests"><testsuite name="pytest" errors="0" failures="0" skipped="0" tests="7" time="1.111" timestamp="2025-08-22T23:44:26.020535+09:00" hostname="G-tune-i712700K"><testcase classname="tests.test_comprehensive_suite.TestComprehensiveTestSuite" name="test_test_suite_structure" time="0.003" /><testcase classname="tests.test_comprehensive_suite.TestComprehensiveTestSuite" name="test_test_coverage_analysis" time="0.004" /><testcase classname="tests.test_comprehensive_suite.TestComprehensiveTestSuite" name="test_dependency_availability" time="0.002" /><testcase classname="tests.test_comprehensive_suite.TestComprehensiveTestSuite" name="test_test_data_generator_functionality" time="0.002" /><testcase classname="tests.test_comprehensive_suite.TestComprehensiveTestSuite" name="test_fixture_files_accessibility" time="0.001" /><testcase classname="tests.test_comprehensive_suite.TestComprehensiveTestSuite" name="test_test_execution_performance" time="0.001" /><testcase classname="tests.test_comprehensive_suite.TestComprehensiveTestSuite" name="test_comprehensive_suite_metadata" time="0.004" /></testsuite></testsuites>